<?xml version="1.0" encoding="UTF-8"?>
<!-- Generated by org.testng.reporters.JUnitXMLReporter -->
<testsuite ignored="0" hostname="Giteshp-lap007" failures="0" tests="3" name="Login Test With parameters" time="0.117" errors="0" timestamp="2022-11-21T22:55:02 IST">
  <testcase classname="TestNG_Important.DataProvider" name="testdata" time="0.008"/>
  <testcase classname="TestNG_Important.DataProvider" name="testdata" time="0.001"/>
  <testcase classname="TestNG_Important.DataProvider" name="para" time="0.007"/>
</testsuite> <!-- Login Test With parameters -->
