<?xml version="1.0" encoding="UTF-8"?>
<!-- Generated by org.testng.reporters.JUnitXMLReporter -->
<testsuite ignored="1" hostname="Giteshp-lap007" failures="0" tests="2" name="asd" time="0.052" errors="0" timestamp="2022-11-30T22:30:34 IST">
  <testcase classname="TestNG_Important.NewGroups" name="group1" time="0.007"/>
  <testcase classname="TestNG_Important.NewGroups" name="group3" time="0.001"/>
  <testcase classname="TestNG_Important.NewGroups" name="group2" time="0.0">
    <ignored/>
  </testcase> <!-- group2 -->
</testsuite> <!-- asd -->
